# JRE version: OpenJDK Runtime Environment (8.0_131-b12) (build 1.8.0_131-b12)
# Java VM: OpenJDK 64-Bit Server VM (25.131-b12 mixed mode linux-amd64 compressed oops)
Heap:
 PSYoungGen      total 125952K, used 125664K [0x0000000580100000, 0x00000005b6180000, 0x0000000800000000)
  eden space 125440K, 100% used [0x0000000580100000,0x0000000587b80000,0x0000000587b80000)
  from space 512K, 43% used [0x00000005b6100000,0x00000005b6138000,0x00000005b6180000)
  to   space 512K, 0% used [0x00000005b6080000,0x00000005b6080000,0x00000005b6100000)
 ParOldGen       total 1437696K, used 286184K [0x0000000080200000, 0x00000000d7e00000, 0x0000000580100000)
  object space 1437696K, 19% used [0x0000000080200000,0x000000009197a250,0x00000000d7e00000)
 Metaspace       used 40050K, capacity 40561K, committed 40704K, reserved 1085440K
  class space    used 5227K, capacity 5351K, committed 5376K, reserved 1048576K
GC Heap History (10 events):
Event: 6899.901 GC heap before
{Heap before GC invocations=6996 (full 2):
 PSYoungGen      total 125952K, used 125856K [0x0000000580100000, 0x00000005b6180000, 0x0000000800000000)
  eden space 125440K, 100% used [0x0000000580100000,0x0000000587b80000,0x0000000587b80000)
  from space 512K, 81% used [0x00000005b6080000,0x00000005b60e8000,0x00000005b6100000)
  to   space 512K, 0% used [0x00000005b6100000,0x00000005b6100000,0x00000005b6180000)
 ParOldGen       total 1437696K, used 286024K [0x0000000080200000, 0x00000000d7e00000, 0x0000000580100000)
  object space 1437696K, 19% used [0x0000000080200000,0x0000000091952250,0x00000000d7e00000)
 Metaspace       used 40050K, capacity 40561K, committed 40704K, reserved 1085440K
  class space    used 5227K, capacity 5351K, committed 5376K, reserved 1048576K
Event: 6899.904 GC heap after
Heap after GC invocations=6996 (full 2):
 PSYoungGen      total 125952K, used 192K [0x0000000580100000, 0x00000005b6180000, 0x0000000800000000)
  eden space 125440K, 0% used [0x0000000580100000,0x0000000580100000,0x0000000587b80000)
  from space 512K, 37% used [0x00000005b6100000,0x00000005b6130000,0x00000005b6180000)
  to   space 512K, 0% used [0x00000005b6080000,0x00000005b6080000,0x00000005b6100000)
 ParOldGen       total 1437696K, used 286048K [0x0000000080200000, 0x00000000d7e00000, 0x0000000580100000)
  object space 1437696K, 19% used [0x0000000080200000,0x0000000091958250,0x00000000d7e00000)
 Metaspace       used 40050K, capacity 40561K, committed 40704K, reserved 1085440K
  class space    used 5227K, capacity 5351K, committed 5376K, reserved 1048576K
}
Event: 6900.720 GC heap before
{Heap before GC invocations=6997 (full 2):
 PSYoungGen      total 125952K, used 125632K [0x0000000580100000, 0x00000005b6180000, 0x0000000800000000)
  eden space 125440K, 100% used [0x0000000580100000,0x0000000587b80000,0x0000000587b80000)
  from space 512K, 37% used [0x00000005b6100000,0x00000005b6130000,0x00000005b6180000)
  to   space 512K, 0% used [0x00000005b6080000,0x00000005b6080000,0x00000005b6100000)
 ParOldGen       total 1437696K, used 286048K [0x0000000080200000, 0x00000000d7e00000, 0x0000000580100000)
  object space 1437696K, 19% used [0x0000000080200000,0x0000000091958250,0x00000000d7e00000)
 Metaspace       used 40050K, capacity 40561K, committed 40704K, reserved 1085440K
  class space    used 5227K, capacity 5351K, committed 5376K, reserved 1048576K
Event: 6900.723 GC heap after
Heap after GC invocations=6997 (full 2):
 PSYoungGen      total 125952K, used 288K [0x0000000580100000, 0x00000005b6180000, 0x0000000800000000)
  eden space 125440K, 0% used [0x0000000580100000,0x0000000580100000,0x0000000587b80000)
  from space 512K, 56% used [0x00000005b6080000,0x00000005b60c8000,0x00000005b6100000)
  to   space 512K, 0% used [0x00000005b6100000,0x00000005b6100000,0x00000005b6180000)
 ParOldGen       total 1437696K, used 286088K [0x0000000080200000, 0x00000000d7e00000, 0x0000000580100000)
  object space 1437696K, 19% used [0x0000000080200000,0x0000000091962250,0x00000000d7e00000)
 Metaspace       used 40050K, capacity 40561K, committed 40704K, reserved 1085440K
  class space    used 5227K, capacity 5351K, committed 5376K, reserved 1048576K
}
Event: 6901.514 GC heap before
{Heap before GC invocations=6998 (full 2):
 PSYoungGen      total 125952K, used 125728K [0x0000000580100000, 0x00000005b6180000, 0x0000000800000000)
  eden space 125440K, 100% used [0x0000000580100000,0x0000000587b80000,0x0000000587b80000)
  from space 512K, 56% used [0x00000005b6080000,0x00000005b60c8000,0x00000005b6100000)
  to   space 512K, 0% used [0x00000005b6100000,0x00000005b6100000,0x00000005b6180000)
 ParOldGen       total 1437696K, used 286088K [0x0000000080200000, 0x00000000d7e00000, 0x0000000580100000)
  object space 1437696K, 19% used [0x0000000080200000,0x0000000091962250,0x00000000d7e00000)
 Metaspace       used 40050K, capacity 40561K, committed 40704K, reserved 1085440K
  class space    used 5227K, capacity 5351K, committed 5376K, reserved 1048576K
Event: 6901.516 GC heap after
Heap after GC invocations=6998 (full 2):
 PSYoungGen      total 125952K, used 192K [0x0000000580100000, 0x00000005b6180000, 0x0000000800000000)
  eden space 125440K, 0% used [0x0000000580100000,0x0000000580100000,0x0000000587b80000)
  from space 512K, 37% used [0x00000005b6100000,0x00000005b6130000,0x00000005b6180000)
  to   space 512K, 0% used [0x00000005b6080000,0x00000005b6080000,0x00000005b6100000)
 ParOldGen       total 1437696K, used 286120K [0x0000000080200000, 0x00000000d7e00000, 0x0000000580100000)
  object space 1437696K, 19% used [0x0000000080200000,0x000000009196a250,0x00000000d7e00000)
 Metaspace       used 40050K, capacity 40561K, committed 40704K, reserved 1085440K
  class space    used 5227K, capacity 5351K, committed 5376K, reserved 1048576K
}
Event: 6902.298 GC heap before
{Heap before GC invocations=6999 (full 2):
 PSYoungGen      total 125952K, used 125632K [0x0000000580100000, 0x00000005b6180000, 0x0000000800000000)
  eden space 125440K, 100% used [0x0000000580100000,0x0000000587b80000,0x0000000587b80000)
  from space 512K, 37% used [0x00000005b6100000,0x00000005b6130000,0x00000005b6180000)
  to   space 512K, 0% used [0x00000005b6080000,0x00000005b6080000,0x00000005b6100000)
 ParOldGen       total 1437696K, used 286120K [0x0000000080200000, 0x00000000d7e00000, 0x0000000580100000)
  object space 1437696K, 19% used [0x0000000080200000,0x000000009196a250,0x00000000d7e00000)
 Metaspace       used 40050K, capacity 40561K, committed 40704K, reserved 1085440K
  class space    used 5227K, capacity 5351K, committed 5376K, reserved 1048576K
Event: 6902.301 GC heap after
Heap after GC invocations=6999 (full 2):
 PSYoungGen      total 125952K, used 288K [0x0000000580100000, 0x00000005b6180000, 0x0000000800000000)
  eden space 125440K, 0% used [0x0000000580100000,0x0000000580100000,0x0000000587b80000)
  from space 512K, 56% used [0x00000005b6080000,0x00000005b60c8000,0x00000005b6100000)
  to   space 512K, 0% used [0x00000005b6100000,0x00000005b6100000,0x00000005b6180000)
 ParOldGen       total 1437696K, used 286152K [0x0000000080200000, 0x00000000d7e00000, 0x0000000580100000)
  object space 1437696K, 19% used [0x0000000080200000,0x0000000091972250,0x00000000d7e00000)
 Metaspace       used 40050K, capacity 40561K, committed 40704K, reserved 1085440K
  class space    used 5227K, capacity 5351K, committed 5376K, reserved 1048576K
}
Event: 6903.090 GC heap before
{Heap before GC invocations=7000 (full 2):
 PSYoungGen      total 125952K, used 125728K [0x0000000580100000, 0x00000005b6180000, 0x0000000800000000)
  eden space 125440K, 100% used [0x0000000580100000,0x0000000587b80000,0x0000000587b80000)
  from space 512K, 56% used [0x00000005b6080000,0x00000005b60c8000,0x00000005b6100000)
  to   space 512K, 0% used [0x00000005b6100000,0x00000005b6100000,0x00000005b6180000)
 ParOldGen       total 1437696K, used 286152K [0x0000000080200000, 0x00000000d7e00000, 0x0000000580100000)
  object space 1437696K, 19% used [0x0000000080200000,0x0000000091972250,0x00000000d7e00000)
 Metaspace       used 40050K, capacity 40561K, committed 40704K, reserved 1085440K
  class space    used 5227K, capacity 5351K, committed 5376K, reserved 1048576K
Event: 6903.092 GC heap after
Heap after GC invocations=7000 (full 2):
 PSYoungGen      total 125952K, used 224K [0x0000000580100000, 0x00000005b6180000, 0x0000000800000000)
  eden space 125440K, 0% used [0x0000000580100000,0x0000000580100000,0x0000000587b80000)
  from space 512K, 43% used [0x00000005b6100000,0x00000005b6138000,0x00000005b6180000)
  to   space 512K, 0% used [0x00000005b6080000,0x00000005b6080000,0x00000005b6100000)
 ParOldGen       total 1437696K, used 286184K [0x0000000080200000, 0x00000000d7e00000, 0x0000000580100000)
  object space 1437696K, 19% used [0x0000000080200000,0x000000009197a250,0x00000000d7e00000)
 Metaspace       used 40050K, capacity 40561K, committed 40704K, reserved 1085440K
  class space    used 5227K, capacity 5351K, committed 5376K, reserved 1048576K
}

