# JRE version: OpenJDK Runtime Environment (8.0_131-b12) (build 1.8.0_131-b12)
# Java VM: OpenJDK 64-Bit Server VM (25.131-b12 mixed mode linux-amd64 compressed oops)
Heap:
 PSYoungGen      total 121856K, used 121632K [0x0000000580100000, 0x00000005c1300000, 0x0000000800000000)
  eden space 121344K, 100% used [0x0000000580100000,0x0000000587780000,0x0000000587780000)
  from space 512K, 56% used [0x00000005c1280000,0x00000005c12c8000,0x00000005c1300000)
  to   space 512K, 0% used [0x00000005c1200000,0x00000005c1200000,0x00000005c1280000)
 ParOldGen       total 1348608K, used 235187K [0x0000000080200000, 0x00000000d2700000, 0x0000000580100000)
  object space 1348608K, 17% used [0x0000000080200000,0x000000008e7acd48,0x00000000d2700000)
 Metaspace       used 40031K, capacity 40497K, committed 40704K, reserved 1085440K
  class space    used 5227K, capacity 5351K, committed 5376K, reserved 1048576K
GC Heap History (10 events):
Event: 6904.727 GC heap before
{Heap before GC invocations=5108 (full 2):
 PSYoungGen      total 121856K, used 121632K [0x0000000580100000, 0x00000005c1300000, 0x0000000800000000)
  eden space 121344K, 100% used [0x0000000580100000,0x0000000587780000,0x0000000587780000)
  from space 512K, 56% used [0x00000005c1200000,0x00000005c1248000,0x00000005c1280000)
  to   space 512K, 0% used [0x00000005c1280000,0x00000005c1280000,0x00000005c1300000)
 ParOldGen       total 1348608K, used 234987K [0x0000000080200000, 0x00000000d2700000, 0x0000000580100000)
  object space 1348608K, 17% used [0x0000000080200000,0x000000008e77ad48,0x00000000d2700000)
 Metaspace       used 40031K, capacity 40497K, committed 40704K, reserved 1085440K
  class space    used 5227K, capacity 5351K, committed 5376K, reserved 1048576K
Event: 6904.729 GC heap after
Heap after GC invocations=5108 (full 2):
 PSYoungGen      total 121856K, used 288K [0x0000000580100000, 0x00000005c1300000, 0x0000000800000000)
  eden space 121344K, 0% used [0x0000000580100000,0x0000000580100000,0x0000000587780000)
  from space 512K, 56% used [0x00000005c1280000,0x00000005c12c8000,0x00000005c1300000)
  to   space 512K, 0% used [0x00000005c1200000,0x00000005c1200000,0x00000005c1280000)
 ParOldGen       total 1348608K, used 235019K [0x0000000080200000, 0x00000000d2700000, 0x0000000580100000)
  object space 1348608K, 17% used [0x0000000080200000,0x000000008e782d48,0x00000000d2700000)
 Metaspace       used 40031K, capacity 40497K, committed 40704K, reserved 1085440K
  class space    used 5227K, capacity 5351K, committed 5376K, reserved 1048576K
}
Event: 6905.502 GC heap before
{Heap before GC invocations=5109 (full 2):
 PSYoungGen      total 121856K, used 121632K [0x0000000580100000, 0x00000005c1300000, 0x0000000800000000)
  eden space 121344K, 100% used [0x0000000580100000,0x0000000587780000,0x0000000587780000)
  from space 512K, 56% used [0x00000005c1280000,0x00000005c12c8000,0x00000005c1300000)
  to   space 512K, 0% used [0x00000005c1200000,0x00000005c1200000,0x00000005c1280000)
 ParOldGen       total 1348608K, used 235019K [0x0000000080200000, 0x00000000d2700000, 0x0000000580100000)
  object space 1348608K, 17% used [0x0000000080200000,0x000000008e782d48,0x00000000d2700000)
 Metaspace       used 40031K, capacity 40497K, committed 40704K, reserved 1085440K
  class space    used 5227K, capacity 5351K, committed 5376K, reserved 1048576K
Event: 6905.504 GC heap after
Heap after GC invocations=5109 (full 2):
 PSYoungGen      total 121856K, used 288K [0x0000000580100000, 0x00000005c1300000, 0x0000000800000000)
  eden space 121344K, 0% used [0x0000000580100000,0x0000000580100000,0x0000000587780000)
  from space 512K, 56% used [0x00000005c1200000,0x00000005c1248000,0x00000005c1280000)
  to   space 512K, 0% used [0x00000005c1280000,0x00000005c1280000,0x00000005c1300000)
 ParOldGen       total 1348608K, used 235083K [0x0000000080200000, 0x00000000d2700000, 0x0000000580100000)
  object space 1348608K, 17% used [0x0000000080200000,0x000000008e792d48,0x00000000d2700000)
 Metaspace       used 40031K, capacity 40497K, committed 40704K, reserved 1085440K
  class space    used 5227K, capacity 5351K, committed 5376K, reserved 1048576K
}
Event: 6906.250 GC heap before
{Heap before GC invocations=5110 (full 2):
 PSYoungGen      total 121856K, used 121632K [0x0000000580100000, 0x00000005c1300000, 0x0000000800000000)
  eden space 121344K, 100% used [0x0000000580100000,0x0000000587780000,0x0000000587780000)
  from space 512K, 56% used [0x00000005c1200000,0x00000005c1248000,0x00000005c1280000)
  to   space 512K, 0% used [0x00000005c1280000,0x00000005c1280000,0x00000005c1300000)
 ParOldGen       total 1348608K, used 235083K [0x0000000080200000, 0x00000000d2700000, 0x0000000580100000)
  object space 1348608K, 17% used [0x0000000080200000,0x000000008e792d48,0x00000000d2700000)
 Metaspace       used 40031K, capacity 40497K, committed 40704K, reserved 1085440K
  class space    used 5227K, capacity 5351K, committed 5376K, reserved 1048576K
Event: 6906.252 GC heap after
Heap after GC invocations=5110 (full 2):
 PSYoungGen      total 121856K, used 256K [0x0000000580100000, 0x00000005c1300000, 0x0000000800000000)
  eden space 121344K, 0% used [0x0000000580100000,0x0000000580100000,0x0000000587780000)
  from space 512K, 50% used [0x00000005c1280000,0x00000005c12c0000,0x00000005c1300000)
  to   space 512K, 0% used [0x00000005c1200000,0x00000005c1200000,0x00000005c1280000)
 ParOldGen       total 1348608K, used 235123K [0x0000000080200000, 0x00000000d2700000, 0x0000000580100000)
  object space 1348608K, 17% used [0x0000000080200000,0x000000008e79cd48,0x00000000d2700000)
 Metaspace       used 40031K, capacity 40497K, committed 40704K, reserved 1085440K
  class space    used 5227K, capacity 5351K, committed 5376K, reserved 1048576K
}
Event: 6907.025 GC heap before
{Heap before GC invocations=5111 (full 2):
 PSYoungGen      total 121856K, used 121600K [0x0000000580100000, 0x00000005c1300000, 0x0000000800000000)
  eden space 121344K, 100% used [0x0000000580100000,0x0000000587780000,0x0000000587780000)
  from space 512K, 50% used [0x00000005c1280000,0x00000005c12c0000,0x00000005c1300000)
  to   space 512K, 0% used [0x00000005c1200000,0x00000005c1200000,0x00000005c1280000)
 ParOldGen       total 1348608K, used 235123K [0x0000000080200000, 0x00000000d2700000, 0x0000000580100000)
  object space 1348608K, 17% used [0x0000000080200000,0x000000008e79cd48,0x00000000d2700000)
 Metaspace       used 40031K, capacity 40497K, committed 40704K, reserved 1085440K
  class space    used 5227K, capacity 5351K, committed 5376K, reserved 1048576K
Event: 6907.027 GC heap after
Heap after GC invocations=5111 (full 2):
 PSYoungGen      total 121856K, used 256K [0x0000000580100000, 0x00000005c1300000, 0x0000000800000000)
  eden space 121344K, 0% used [0x0000000580100000,0x0000000580100000,0x0000000587780000)
  from space 512K, 50% used [0x00000005c1200000,0x00000005c1240000,0x00000005c1280000)
  to   space 512K, 0% used [0x00000005c1280000,0x00000005c1280000,0x00000005c1300000)
 ParOldGen       total 1348608K, used 235147K [0x0000000080200000, 0x00000000d2700000, 0x0000000580100000)
  object space 1348608K, 17% used [0x0000000080200000,0x000000008e7a2d48,0x00000000d2700000)
 Metaspace       used 40031K, capacity 40497K, committed 40704K, reserved 1085440K
  class space    used 5227K, capacity 5351K, committed 5376K, reserved 1048576K
}
Event: 6907.819 GC heap before
{Heap before GC invocations=5112 (full 2):
 PSYoungGen      total 121856K, used 121600K [0x0000000580100000, 0x00000005c1300000, 0x0000000800000000)
  eden space 121344K, 100% used [0x0000000580100000,0x0000000587780000,0x0000000587780000)
  from space 512K, 50% used [0x00000005c1200000,0x00000005c1240000,0x00000005c1280000)
  to   space 512K, 0% used [0x00000005c1280000,0x00000005c1280000,0x00000005c1300000)
 ParOldGen       total 1348608K, used 235147K [0x0000000080200000, 0x00000000d2700000, 0x0000000580100000)
  object space 1348608K, 17% used [0x0000000080200000,0x000000008e7a2d48,0x00000000d2700000)
 Metaspace       used 40031K, capacity 40497K, committed 40704K, reserved 1085440K
  class space    used 5227K, capacity 5351K, committed 5376K, reserved 1048576K
Event: 6907.821 GC heap after
Heap after GC invocations=5112 (full 2):
 PSYoungGen      total 121856K, used 288K [0x0000000580100000, 0x00000005c1300000, 0x0000000800000000)
  eden space 121344K, 0% used [0x0000000580100000,0x0000000580100000,0x0000000587780000)
  from space 512K, 56% used [0x00000005c1280000,0x00000005c12c8000,0x00000005c1300000)
  to   space 512K, 0% used [0x00000005c1200000,0x00000005c1200000,0x00000005c1280000)
 ParOldGen       total 1348608K, used 235187K [0x0000000080200000, 0x00000000d2700000, 0x0000000580100000)
  object space 1348608K, 17% used [0x0000000080200000,0x000000008e7acd48,0x00000000d2700000)
 Metaspace       used 40031K, capacity 40497K, committed 40704K, reserved 1085440K
  class space    used 5227K, capacity 5351K, committed 5376K, reserved 1048576K
}

