# JRE version: OpenJDK Runtime Environment (8.0_131-b12) (build 1.8.0_131-b12)
# Java VM: OpenJDK 64-Bit Server VM (25.131-b12 mixed mode linux-amd64 compressed oops)
Heap:
 PSYoungGen      total 124416K, used 124256K [0x0000000580100000, 0x00000005bff00000, 0x0000000800000000)
  eden space 123904K, 100% used [0x0000000580100000,0x0000000587a00000,0x0000000587a00000)
  from space 512K, 68% used [0x00000005bfe00000,0x00000005bfe58000,0x00000005bfe80000)
  to   space 512K, 0% used [0x00000005bfe80000,0x00000005bfe80000,0x00000005bff00000)
 ParOldGen       total 1400832K, used 231784K [0x0000000080200000, 0x00000000d5a00000, 0x0000000580100000)
  object space 1400832K, 16% used [0x0000000080200000,0x000000008e45a3e0,0x00000000d5a00000)
 Metaspace       used 40049K, capacity 40561K, committed 40704K, reserved 1085440K
  class space    used 5227K, capacity 5351K, committed 5376K, reserved 1048576K
GC Heap History (10 events):
Event: 6898.964 GC heap before
{Heap before GC invocations=5099 (full 2):
 PSYoungGen      total 124416K, used 124096K [0x0000000580100000, 0x00000005bff00000, 0x0000000800000000)
  eden space 123904K, 100% used [0x0000000580100000,0x0000000587a00000,0x0000000587a00000)
  from space 512K, 37% used [0x00000005bfe80000,0x00000005bfeb0000,0x00000005bff00000)
  to   space 512K, 0% used [0x00000005bfe00000,0x00000005bfe00000,0x00000005bfe80000)
 ParOldGen       total 1400832K, used 231592K [0x0000000080200000, 0x00000000d5a00000, 0x0000000580100000)
  object space 1400832K, 16% used [0x0000000080200000,0x000000008e42a3e0,0x00000000d5a00000)
 Metaspace       used 40049K, capacity 40561K, committed 40704K, reserved 1085440K
  class space    used 5227K, capacity 5351K, committed 5376K, reserved 1048576K
Event: 6898.967 GC heap after
Heap after GC invocations=5099 (full 2):
 PSYoungGen      total 124416K, used 224K [0x0000000580100000, 0x00000005bff00000, 0x0000000800000000)
  eden space 123904K, 0% used [0x0000000580100000,0x0000000580100000,0x0000000587a00000)
  from space 512K, 43% used [0x00000005bfe00000,0x00000005bfe38000,0x00000005bfe80000)
  to   space 512K, 0% used [0x00000005bfe80000,0x00000005bfe80000,0x00000005bff00000)
 ParOldGen       total 1400832K, used 231616K [0x0000000080200000, 0x00000000d5a00000, 0x0000000580100000)
  object space 1400832K, 16% used [0x0000000080200000,0x000000008e4303e0,0x00000000d5a00000)
 Metaspace       used 40049K, capacity 40561K, committed 40704K, reserved 1085440K
  class space    used 5227K, capacity 5351K, committed 5376K, reserved 1048576K
}
Event: 6899.774 GC heap before
{Heap before GC invocations=5100 (full 2):
 PSYoungGen      total 124416K, used 124128K [0x0000000580100000, 0x00000005bff00000, 0x0000000800000000)
  eden space 123904K, 100% used [0x0000000580100000,0x0000000587a00000,0x0000000587a00000)
  from space 512K, 43% used [0x00000005bfe00000,0x00000005bfe38000,0x00000005bfe80000)
  to   space 512K, 0% used [0x00000005bfe80000,0x00000005bfe80000,0x00000005bff00000)
 ParOldGen       total 1400832K, used 231616K [0x0000000080200000, 0x00000000d5a00000, 0x0000000580100000)
  object space 1400832K, 16% used [0x0000000080200000,0x000000008e4303e0,0x00000000d5a00000)
 Metaspace       used 40049K, capacity 40561K, committed 40704K, reserved 1085440K
  class space    used 5227K, capacity 5351K, committed 5376K, reserved 1048576K
Event: 6899.777 GC heap after
Heap after GC invocations=5100 (full 2):
 PSYoungGen      total 124416K, used 352K [0x0000000580100000, 0x00000005bff00000, 0x0000000800000000)
  eden space 123904K, 0% used [0x0000000580100000,0x0000000580100000,0x0000000587a00000)
  from space 512K, 68% used [0x00000005bfe80000,0x00000005bfed8000,0x00000005bff00000)
  to   space 512K, 0% used [0x00000005bfe00000,0x00000005bfe00000,0x00000005bfe80000)
 ParOldGen       total 1400832K, used 231648K [0x0000000080200000, 0x00000000d5a00000, 0x0000000580100000)
  object space 1400832K, 16% used [0x0000000080200000,0x000000008e4383e0,0x00000000d5a00000)
 Metaspace       used 40049K, capacity 40561K, committed 40704K, reserved 1085440K
  class space    used 5227K, capacity 5351K, committed 5376K, reserved 1048576K
}
Event: 6900.590 GC heap before
{Heap before GC invocations=5101 (full 2):
 PSYoungGen      total 124416K, used 124256K [0x0000000580100000, 0x00000005bff00000, 0x0000000800000000)
  eden space 123904K, 100% used [0x0000000580100000,0x0000000587a00000,0x0000000587a00000)
  from space 512K, 68% used [0x00000005bfe80000,0x00000005bfed8000,0x00000005bff00000)
  to   space 512K, 0% used [0x00000005bfe00000,0x00000005bfe00000,0x00000005bfe80000)
 ParOldGen       total 1400832K, used 231648K [0x0000000080200000, 0x00000000d5a00000, 0x0000000580100000)
  object space 1400832K, 16% used [0x0000000080200000,0x000000008e4383e0,0x00000000d5a00000)
 Metaspace       used 40049K, capacity 40561K, committed 40704K, reserved 1085440K
  class space    used 5227K, capacity 5351K, committed 5376K, reserved 1048576K
Event: 6900.593 GC heap after
Heap after GC invocations=5101 (full 2):
 PSYoungGen      total 124416K, used 352K [0x0000000580100000, 0x00000005bff00000, 0x0000000800000000)
  eden space 123904K, 0% used [0x0000000580100000,0x0000000580100000,0x0000000587a00000)
  from space 512K, 68% used [0x00000005bfe00000,0x00000005bfe58000,0x00000005bfe80000)
  to   space 512K, 0% used [0x00000005bfe80000,0x00000005bfe80000,0x00000005bff00000)
 ParOldGen       total 1400832K, used 231688K [0x0000000080200000, 0x00000000d5a00000, 0x0000000580100000)
  object space 1400832K, 16% used [0x0000000080200000,0x000000008e4423e0,0x00000000d5a00000)
 Metaspace       used 40049K, capacity 40561K, committed 40704K, reserved 1085440K
  class space    used 5227K, capacity 5351K, committed 5376K, reserved 1048576K
}
Event: 6901.387 GC heap before
{Heap before GC invocations=5102 (full 2):
 PSYoungGen      total 124416K, used 124256K [0x0000000580100000, 0x00000005bff00000, 0x0000000800000000)
  eden space 123904K, 100% used [0x0000000580100000,0x0000000587a00000,0x0000000587a00000)
  from space 512K, 68% used [0x00000005bfe00000,0x00000005bfe58000,0x00000005bfe80000)
  to   space 512K, 0% used [0x00000005bfe80000,0x00000005bfe80000,0x00000005bff00000)
 ParOldGen       total 1400832K, used 231688K [0x0000000080200000, 0x00000000d5a00000, 0x0000000580100000)
  object space 1400832K, 16% used [0x0000000080200000,0x000000008e4423e0,0x00000000d5a00000)
 Metaspace       used 40049K, capacity 40561K, committed 40704K, reserved 1085440K
  class space    used 5227K, capacity 5351K, committed 5376K, reserved 1048576K
Event: 6901.391 GC heap after
Heap after GC invocations=5102 (full 2):
 PSYoungGen      total 124416K, used 256K [0x0000000580100000, 0x00000005bff00000, 0x0000000800000000)
  eden space 123904K, 0% used [0x0000000580100000,0x0000000580100000,0x0000000587a00000)
  from space 512K, 50% used [0x00000005bfe80000,0x00000005bfec0000,0x00000005bff00000)
  to   space 512K, 0% used [0x00000005bfe00000,0x00000005bfe00000,0x00000005bfe80000)
 ParOldGen       total 1400832K, used 231736K [0x0000000080200000, 0x00000000d5a00000, 0x0000000580100000)
  object space 1400832K, 16% used [0x0000000080200000,0x000000008e44e3e0,0x00000000d5a00000)
 Metaspace       used 40049K, capacity 40561K, committed 40704K, reserved 1085440K
  class space    used 5227K, capacity 5351K, committed 5376K, reserved 1048576K
}
Event: 6902.190 GC heap before
{Heap before GC invocations=5103 (full 2):
 PSYoungGen      total 124416K, used 124160K [0x0000000580100000, 0x00000005bff00000, 0x0000000800000000)
  eden space 123904K, 100% used [0x0000000580100000,0x0000000587a00000,0x0000000587a00000)
  from space 512K, 50% used [0x00000005bfe80000,0x00000005bfec0000,0x00000005bff00000)
  to   space 512K, 0% used [0x00000005bfe00000,0x00000005bfe00000,0x00000005bfe80000)
 ParOldGen       total 1400832K, used 231736K [0x0000000080200000, 0x00000000d5a00000, 0x0000000580100000)
  object space 1400832K, 16% used [0x0000000080200000,0x000000008e44e3e0,0x00000000d5a00000)
 Metaspace       used 40049K, capacity 40561K, committed 40704K, reserved 1085440K
  class space    used 5227K, capacity 5351K, committed 5376K, reserved 1048576K
Event: 6902.193 GC heap after
Heap after GC invocations=5103 (full 2):
 PSYoungGen      total 124416K, used 352K [0x0000000580100000, 0x00000005bff00000, 0x0000000800000000)
  eden space 123904K, 0% used [0x0000000580100000,0x0000000580100000,0x0000000587a00000)
  from space 512K, 68% used [0x00000005bfe00000,0x00000005bfe58000,0x00000005bfe80000)
  to   space 512K, 0% used [0x00000005bfe80000,0x00000005bfe80000,0x00000005bff00000)
 ParOldGen       total 1400832K, used 231784K [0x0000000080200000, 0x00000000d5a00000, 0x0000000580100000)
  object space 1400832K, 16% used [0x0000000080200000,0x000000008e45a3e0,0x00000000d5a00000)
 Metaspace       used 40049K, capacity 40561K, committed 40704K, reserved 1085440K
  class space    used 5227K, capacity 5351K, committed 5376K, reserved 1048576K
}

